2020-4-30 17:47:46 -[WRITEANSTONEST]- Starting to read ben202002_SP.csv
2020-4-30 17:47:46 -[WRITEANSTONEST]- Starting executeAllTasks ./data/ben202002_SP.csv
2020-4-30 17:47:47 -[WRITEANSTONEST]- Truncated tempansvidasplanos
2020-4-30 17:47:47 -[WRITEANSTONEST]- Let's copy ./data/ben202002_SP.csv to  tempansvidasplanos with 10 minutes limit
2020-4-30 17:47:47 -[WRITEANSTONEST]- Starting the upload
2020-4-30 17:54:13 -[WRITEANSTONEST]- Completed loading data into tempansvidasplanos
2020-4-30 17:55:39 -[WRITEANSTONEST]- Process on Database is completed and data were read from tempansvidasplanos
2020-4-30 17:55:39 -[WRITEANSTONEST]- Preparing to move  ./data/ben202002_SP.csv  to  ./history/ben202002_SP.csv
2020-4-30 17:55:40 -[WRITEANSTONEST]- Successfully  ./history/ben202002_SP.csv  moved
2020-4-30 17:58:57 -[WRITEANSTONEST]- Starting to read ben201902_SP.csv
2020-4-30 17:58:57 -[WRITEANSTONEST]- Starting executeAllTasks ./data/ben201902_SP.csv
2020-4-30 17:58:59 -[WRITEANSTONEST]- Truncated tempansvidasplanos
2020-4-30 17:58:59 -[WRITEANSTONEST]- Let's copy ./data/ben201902_SP.csv to  tempansvidasplanos with 10 minutes limit
2020-4-30 17:58:59 -[WRITEANSTONEST]- Starting the upload
2020-4-30 18:05:21 -[WRITEANSTONEST]- Completed loading data into tempansvidasplanos, start the file reading process...
2020-4-30 18:06:47 -[WRITEANSTONEST]- Process on Database is completed and data were read from tempansvidasplanos
2020-4-30 18:06:47 -[WRITEANSTONEST]- Preparing to move  ./data/ben201902_SP.csv  to  ./history/ben201902_SP.csv
2020-4-30 18:06:48 -[WRITEANSTONEST]- Successfully  ./history/ben201902_SP.csv  moved
2020-4-30 18:09:16 -[WRITEANSTONEST]- Starting to read ben201902_SP.csv
2020-4-30 18:09:16 -[WRITEANSTONEST]- Starting executeAllTasks ./data/ben201902_SP.csv
2020-4-30 18:09:17 -[WRITEANSTONEST]- Truncated tempansvidasplanos
2020-4-30 18:09:17 -[WRITEANSTONEST]- Let's copy ./data/ben201902_SP.csv to  tempansvidasplanos with 10 minutes limit
2020-4-30 18:09:17 -[WRITEANSTONEST]- Starting the upload
2020-4-30 18:13:35 -[WRITEANSTONEST]- Starting to read ben201902_SP.csv
2020-4-30 18:13:35 -[WRITEANSTONEST]- Starting executeAllTasks ./data/ben201902_SP.csv
2020-4-30 18:13:36 -[WRITEANSTONEST]- Truncated tempansvidasplanos
2020-4-30 18:13:36 -[WRITEANSTONEST]- Let's copy ./data/ben201902_SP.csv to  tempansvidasplanos with 10 minutes limit
2020-4-30 18:13:36 -[WRITEANSTONEST]- Starting the upload
